<?xml version="1.0" encoding="UTF-8"?>
<!-- Generated by org.testng.reporters.JUnitXMLReporter -->
<testsuite ignored="0" hostname="LAPTOP-E5NCT7NC" failures="1" tests="1" name="Test" time="352.796" errors="0" timestamp="2022-08-21T11:07:15 IST">
  <testcase classname="com.bank.testcases.LoginPageTest" name="login" time="27.222">
    <failure type="java.lang.AssertionError" message="expected [HubSpot Home] but found [Guru99 Bank Home Page]">
      <![CDATA[java.lang.AssertionError: expected [HubSpot Home] but found [Guru99 Bank Home Page]
at com.bank.testcases.LoginPageTest.login(LoginPageTest.java:46)
at java.base/java.util.ArrayList.forEach(ArrayList.java:1511)
... Removed 33 stack frames]]>
    </failure>
  </testcase> <!-- login -->
</testsuite> <!-- Test -->
