-------------------------------------------------------------------------------
Test set: TestSuite
-------------------------------------------------------------------------------
Tests run: 1, Failures: 1, Errors: 0, Skipped: 0, Time elapsed: 66.333 s <<< FAILURE! - in TestSuite
com.bank.testcases.LoginPageTest.login  Time elapsed: 0.966 s  <<< FAILURE!
java.lang.NullPointerException: Cannot invoke "com.aventstack.extentreports.ExtentTest.createNode(String)" because "com.bank.Utils.Reporting.logger" is null
	at com.bank.testcases.LoginPageTest.login(LoginPageTest.java:28)

