-------------------------------------------------------------------------------
Test set: TestSuite
-------------------------------------------------------------------------------
Tests run: 1, Failures: 1, Errors: 0, Skipped: 0, Time elapsed: 59.082 s <<< FAILURE! - in TestSuite
com.bank.testcases.LoginPageTest.login  Time elapsed: 25.683 s  <<< FAILURE!
java.lang.AssertionError: expected [HubSpot Home] but found [Guru99 Bank Home Page]
	at com.bank.testcases.LoginPageTest.login(LoginPageTest.java:46)

