-------------------------------------------------------------------------------
Test set: TestSuite
-------------------------------------------------------------------------------
Tests run: 1, Failures: 1, Errors: 0, Skipped: 0, Time elapsed: 55.654 s <<< FAILURE! - in TestSuite
com.bank.testcases.LoginPageTest.login  Time elapsed: 24.823 s  <<< FAILURE!
java.lang.AssertionError: expected [HubSpot Home] but found [Guru99 Bank Home Page]
	at com.bank.testcases.LoginPageTest.login(LoginPageTest.java:46)

