<?xml version="1.0" encoding="UTF-8"?>
<testsuite name="TestSuite" time="11.414" tests="10" errors="0" skipped="0" failures="10">
  <properties>
[...]
</properties>
  <testcase name="login" classname="com.bank.testcases.LoginPageTest" time="5.837">
    <failure message="The following asserts failed:&#10;	expected [HubSpot Home] but found [HubSpot Login]" type="java.lang.AssertionError">java.lang.AssertionError: The following asserts failed:
	expected [HubSpot Home] but found [HubSpot Login]
	at org.testng.asserts.SoftAssert.assertAll(SoftAssert.java:46)
	at org.testng.asserts.SoftAssert.assertAll(SoftAssert.java:30)
	at com.bank.testcases.LoginPageTest.login(LoginPageTest.java:27)
</failure>
    <system-out><![CDATA[Browser name :chrome
13
 INFO [TestNG-tests-1] (LoginPageTest.java:15)- Excution starts
 INFO [TestNG-tests-1] (LoginPageTest.java:17)- Take username
 INFO [TestNG-tests-1] (LoginPageTest.java:19)- Take password
Screenshoot taken
]]></system-out>
    <system-err><![CDATA[SLF4J: Failed to load class "org.slf4j.impl.StaticLoggerBinder".
SLF4J: Defaulting to no-operation (NOP) logger implementation
SLF4J: See http://www.slf4j.org/codes.html#StaticLoggerBinder for further details.
ERROR StatusLogger Log4j2 could not find a logging implementation. Please add log4j-core to the classpath. Using SimpleLogger to log to the console...
Starting ChromeDriver 99.0.4844.51 (d537ec02474b5afe23684e7963d538896c63ac77-refs/branch-heads/4844@{#875}) on port 50026
Only local connections are allowed.
Please see https://chromedriver.chromium.org/security-considerations for suggestions on keeping ChromeDriver safe.
ChromeDriver was started successfully.
[1650995189.121][WARNING]: This version of ChromeDriver has not been tested with Chrome version 100.
Apr 26, 2022 11:16:29 PM org.openqa.selenium.remote.ProtocolHandshake createSession
INFO: Detected dialect: W3C
Apr 26, 2022 11:16:29 PM org.openqa.selenium.devtools.CdpVersionFinder findNearestMatch
WARNING: Unable to find an exact match for CDP version 100, so returning the closest version found: 99
Apr 26, 2022 11:16:29 PM org.openqa.selenium.devtools.CdpVersionFinder findNearestMatch
INFO: Found CDP implementation for version 100 of 99
]]></system-err>
  </testcase>
  <testcase name="loginData" classname="com.bank.testcases.TC_001_DDTLogin" time="5.577">
    <failure message="The following asserts failed:&#10;	expected [HubSpot Home] but found [HubSpot Login]" type="java.lang.AssertionError">java.lang.AssertionError: The following asserts failed:
	expected [HubSpot Home] but found [HubSpot Login]
	at org.testng.asserts.SoftAssert.assertAll(SoftAssert.java:46)
	at org.testng.asserts.SoftAssert.assertAll(SoftAssert.java:30)
	at com.bank.testcases.TC_001_DDTLogin.loginData(TC_001_DDTLogin.java:29)
</failure>
    <system-out><![CDATA[Browser name :chrome
13
 INFO [TestNG-tests-1] (TC_001_DDTLogin.java:18)- username provided
 INFO [TestNG-tests-1] (TC_001_DDTLogin.java:20)- password provided
 INFO [TestNG-tests-1] (TC_001_DDTLogin.java:22)- click on signin button
Screenshoot taken
]]></system-out>
    <system-err><![CDATA[Starting ChromeDriver 99.0.4844.51 (d537ec02474b5afe23684e7963d538896c63ac77-refs/branch-heads/4844@{#875}) on port 52641
Only local connections are allowed.
Please see https://chromedriver.chromium.org/security-considerations for suggestions on keeping ChromeDriver safe.
ChromeDriver was started successfully.
[1650995200.737][WARNING]: This version of ChromeDriver has not been tested with Chrome version 100.
Apr 26, 2022 11:16:40 PM org.openqa.selenium.remote.ProtocolHandshake createSession
INFO: Detected dialect: W3C
Apr 26, 2022 11:16:40 PM org.openqa.selenium.devtools.CdpVersionFinder findNearestMatch
WARNING: Unable to find an exact match for CDP version 100, so returning the closest version found: 99
Apr 26, 2022 11:16:40 PM org.openqa.selenium.devtools.CdpVersionFinder findNearestMatch
INFO: Found CDP implementation for version 100 of 99
]]></system-err>
  </testcase>
  <testcase name="loginData" classname="com.bank.testcases.TC_001_DDTLogin" time="5.562">
    <failure message="The following asserts failed:&#10;	expected [HubSpot Home] but found [HubSpot Login]" type="java.lang.AssertionError">java.lang.AssertionError: The following asserts failed:
	expected [HubSpot Home] but found [HubSpot Login]
	at org.testng.asserts.SoftAssert.assertAll(SoftAssert.java:46)
	at org.testng.asserts.SoftAssert.assertAll(SoftAssert.java:30)
	at com.bank.testcases.TC_001_DDTLogin.loginData(TC_001_DDTLogin.java:29)
</failure>
    <system-out><![CDATA[Browser name :chrome
13
 INFO [TestNG-tests-1] (TC_001_DDTLogin.java:18)- username provided
 INFO [TestNG-tests-1] (TC_001_DDTLogin.java:20)- password provided
 INFO [TestNG-tests-1] (TC_001_DDTLogin.java:22)- click on signin button
Screenshoot taken
]]></system-out>
    <system-err><![CDATA[Starting ChromeDriver 99.0.4844.51 (d537ec02474b5afe23684e7963d538896c63ac77-refs/branch-heads/4844@{#875}) on port 57163
Only local connections are allowed.
Please see https://chromedriver.chromium.org/security-considerations for suggestions on keeping ChromeDriver safe.
ChromeDriver was started successfully.
[1650995209.384][WARNING]: This version of ChromeDriver has not been tested with Chrome version 100.
Apr 26, 2022 11:16:49 PM org.openqa.selenium.remote.ProtocolHandshake createSession
INFO: Detected dialect: W3C
Apr 26, 2022 11:16:49 PM org.openqa.selenium.devtools.CdpVersionFinder findNearestMatch
WARNING: Unable to find an exact match for CDP version 100, so returning the closest version found: 99
Apr 26, 2022 11:16:49 PM org.openqa.selenium.devtools.CdpVersionFinder findNearestMatch
INFO: Found CDP implementation for version 100 of 99
]]></system-err>
  </testcase>
  <testcase name="loginData" classname="com.bank.testcases.TC_001_DDTLogin" time="5.516">
    <failure message="The following asserts failed:&#10;	expected [HubSpot Home] but found [HubSpot Login]" type="java.lang.AssertionError">java.lang.AssertionError: The following asserts failed:
	expected [HubSpot Home] but found [HubSpot Login]
	at org.testng.asserts.SoftAssert.assertAll(SoftAssert.java:46)
	at org.testng.asserts.SoftAssert.assertAll(SoftAssert.java:30)
	at com.bank.testcases.TC_001_DDTLogin.loginData(TC_001_DDTLogin.java:29)
</failure>
    <system-out><![CDATA[Browser name :chrome
13
 INFO [TestNG-tests-1] (TC_001_DDTLogin.java:18)- username provided
 INFO [TestNG-tests-1] (TC_001_DDTLogin.java:20)- password provided
 INFO [TestNG-tests-1] (TC_001_DDTLogin.java:22)- click on signin button
Screenshoot taken
]]></system-out>
    <system-err><![CDATA[Starting ChromeDriver 99.0.4844.51 (d537ec02474b5afe23684e7963d538896c63ac77-refs/branch-heads/4844@{#875}) on port 62717
Only local connections are allowed.
Please see https://chromedriver.chromium.org/security-considerations for suggestions on keeping ChromeDriver safe.
ChromeDriver was started successfully.
[1650995218.179][WARNING]: This version of ChromeDriver has not been tested with Chrome version 100.
Apr 26, 2022 11:16:58 PM org.openqa.selenium.remote.ProtocolHandshake createSession
INFO: Detected dialect: W3C
Apr 26, 2022 11:16:58 PM org.openqa.selenium.devtools.CdpVersionFinder findNearestMatch
WARNING: Unable to find an exact match for CDP version 100, so returning the closest version found: 99
Apr 26, 2022 11:16:58 PM org.openqa.selenium.devtools.CdpVersionFinder findNearestMatch
INFO: Found CDP implementation for version 100 of 99
]]></system-err>
  </testcase>
  <testcase name="loginData" classname="com.bank.testcases.TC_001_DDTLogin" time="5.452">
    <failure message="The following asserts failed:&#10;	expected [HubSpot Home] but found [HubSpot Login]" type="java.lang.AssertionError">java.lang.AssertionError: The following asserts failed:
	expected [HubSpot Home] but found [HubSpot Login]
	at org.testng.asserts.SoftAssert.assertAll(SoftAssert.java:46)
	at org.testng.asserts.SoftAssert.assertAll(SoftAssert.java:30)
	at com.bank.testcases.TC_001_DDTLogin.loginData(TC_001_DDTLogin.java:29)
</failure>
    <system-out><![CDATA[Browser name :chrome
13
 INFO [TestNG-tests-1] (TC_001_DDTLogin.java:18)- username provided
 INFO [TestNG-tests-1] (TC_001_DDTLogin.java:20)- password provided
 INFO [TestNG-tests-1] (TC_001_DDTLogin.java:22)- click on signin button
Screenshoot taken
]]></system-out>
    <system-err><![CDATA[Starting ChromeDriver 99.0.4844.51 (d537ec02474b5afe23684e7963d538896c63ac77-refs/branch-heads/4844@{#875}) on port 50998
Only local connections are allowed.
Please see https://chromedriver.chromium.org/security-considerations for suggestions on keeping ChromeDriver safe.
ChromeDriver was started successfully.
[1650995227.374][WARNING]: This version of ChromeDriver has not been tested with Chrome version 100.
Apr 26, 2022 11:17:07 PM org.openqa.selenium.remote.ProtocolHandshake createSession
INFO: Detected dialect: W3C
Apr 26, 2022 11:17:07 PM org.openqa.selenium.devtools.CdpVersionFinder findNearestMatch
WARNING: Unable to find an exact match for CDP version 100, so returning the closest version found: 99
Apr 26, 2022 11:17:07 PM org.openqa.selenium.devtools.CdpVersionFinder findNearestMatch
INFO: Found CDP implementation for version 100 of 99
]]></system-err>
  </testcase>
  <testcase name="loginData" classname="com.bank.testcases.TC_001_DDTLogin" time="5.526">
    <failure message="The following asserts failed:&#10;	expected [HubSpot Home] but found [HubSpot Login]" type="java.lang.AssertionError">java.lang.AssertionError: The following asserts failed:
	expected [HubSpot Home] but found [HubSpot Login]
	at org.testng.asserts.SoftAssert.assertAll(SoftAssert.java:46)
	at org.testng.asserts.SoftAssert.assertAll(SoftAssert.java:30)
	at com.bank.testcases.TC_001_DDTLogin.loginData(TC_001_DDTLogin.java:29)
</failure>
    <system-out><![CDATA[Browser name :chrome
13
 INFO [TestNG-tests-1] (TC_001_DDTLogin.java:18)- username provided
 INFO [TestNG-tests-1] (TC_001_DDTLogin.java:20)- password provided
 INFO [TestNG-tests-1] (TC_001_DDTLogin.java:22)- click on signin button
Screenshoot taken
]]></system-out>
    <system-err><![CDATA[Starting ChromeDriver 99.0.4844.51 (d537ec02474b5afe23684e7963d538896c63ac77-refs/branch-heads/4844@{#875}) on port 55509
Only local connections are allowed.
Please see https://chromedriver.chromium.org/security-considerations for suggestions on keeping ChromeDriver safe.
ChromeDriver was started successfully.
[1650995236.478][WARNING]: This version of ChromeDriver has not been tested with Chrome version 100.
Apr 26, 2022 11:17:16 PM org.openqa.selenium.remote.ProtocolHandshake createSession
INFO: Detected dialect: W3C
Apr 26, 2022 11:17:16 PM org.openqa.selenium.devtools.CdpVersionFinder findNearestMatch
WARNING: Unable to find an exact match for CDP version 100, so returning the closest version found: 99
Apr 26, 2022 11:17:16 PM org.openqa.selenium.devtools.CdpVersionFinder findNearestMatch
INFO: Found CDP implementation for version 100 of 99
]]></system-err>
  </testcase>
  <testcase name="loginData" classname="com.bank.testcases.TC_001_DDTLogin" time="5.51">
    <failure message="The following asserts failed:&#10;	expected [HubSpot Home] but found [HubSpot Login]" type="java.lang.AssertionError">java.lang.AssertionError: The following asserts failed:
	expected [HubSpot Home] but found [HubSpot Login]
	at org.testng.asserts.SoftAssert.assertAll(SoftAssert.java:46)
	at org.testng.asserts.SoftAssert.assertAll(SoftAssert.java:30)
	at com.bank.testcases.TC_001_DDTLogin.loginData(TC_001_DDTLogin.java:29)
</failure>
    <system-out><![CDATA[Browser name :chrome
13
 INFO [TestNG-tests-1] (TC_001_DDTLogin.java:18)- username provided
 INFO [TestNG-tests-1] (TC_001_DDTLogin.java:20)- password provided
 INFO [TestNG-tests-1] (TC_001_DDTLogin.java:22)- click on signin button
Screenshoot taken
]]></system-out>
    <system-err><![CDATA[Starting ChromeDriver 99.0.4844.51 (d537ec02474b5afe23684e7963d538896c63ac77-refs/branch-heads/4844@{#875}) on port 51462
Only local connections are allowed.
Please see https://chromedriver.chromium.org/security-considerations for suggestions on keeping ChromeDriver safe.
ChromeDriver was started successfully.
[1650995245.376][WARNING]: This version of ChromeDriver has not been tested with Chrome version 100.
Apr 26, 2022 11:17:25 PM org.openqa.selenium.remote.ProtocolHandshake createSession
INFO: Detected dialect: W3C
Apr 26, 2022 11:17:25 PM org.openqa.selenium.devtools.CdpVersionFinder findNearestMatch
WARNING: Unable to find an exact match for CDP version 100, so returning the closest version found: 99
Apr 26, 2022 11:17:25 PM org.openqa.selenium.devtools.CdpVersionFinder findNearestMatch
INFO: Found CDP implementation for version 100 of 99
]]></system-err>
  </testcase>
  <testcase name="loginData" classname="com.bank.testcases.TC_001_DDTLogin" time="5.559">
    <failure message="The following asserts failed:&#10;	expected [HubSpot Home] but found [HubSpot Login]" type="java.lang.AssertionError">java.lang.AssertionError: The following asserts failed:
	expected [HubSpot Home] but found [HubSpot Login]
	at org.testng.asserts.SoftAssert.assertAll(SoftAssert.java:46)
	at org.testng.asserts.SoftAssert.assertAll(SoftAssert.java:30)
	at com.bank.testcases.TC_001_DDTLogin.loginData(TC_001_DDTLogin.java:29)
</failure>
    <system-out><![CDATA[Browser name :chrome
13
 INFO [TestNG-tests-1] (TC_001_DDTLogin.java:18)- username provided
 INFO [TestNG-tests-1] (TC_001_DDTLogin.java:20)- password provided
 INFO [TestNG-tests-1] (TC_001_DDTLogin.java:22)- click on signin button
Screenshoot taken
]]></system-out>
    <system-err><![CDATA[Starting ChromeDriver 99.0.4844.51 (d537ec02474b5afe23684e7963d538896c63ac77-refs/branch-heads/4844@{#875}) on port 64819
Only local connections are allowed.
Please see https://chromedriver.chromium.org/security-considerations for suggestions on keeping ChromeDriver safe.
ChromeDriver was started successfully.
[1650995254.019][WARNING]: This version of ChromeDriver has not been tested with Chrome version 100.
Apr 26, 2022 11:17:34 PM org.openqa.selenium.remote.ProtocolHandshake createSession
INFO: Detected dialect: W3C
Apr 26, 2022 11:17:34 PM org.openqa.selenium.devtools.CdpVersionFinder findNearestMatch
WARNING: Unable to find an exact match for CDP version 100, so returning the closest version found: 99
Apr 26, 2022 11:17:34 PM org.openqa.selenium.devtools.CdpVersionFinder findNearestMatch
INFO: Found CDP implementation for version 100 of 99
]]></system-err>
  </testcase>
  <testcase name="loginData" classname="com.bank.testcases.TC_001_DDTLogin" time="5.57">
    <failure message="The following asserts failed:&#10;	expected [HubSpot Home] but found [HubSpot Login]" type="java.lang.AssertionError">java.lang.AssertionError: The following asserts failed:
	expected [HubSpot Home] but found [HubSpot Login]
	at org.testng.asserts.SoftAssert.assertAll(SoftAssert.java:46)
	at org.testng.asserts.SoftAssert.assertAll(SoftAssert.java:30)
	at com.bank.testcases.TC_001_DDTLogin.loginData(TC_001_DDTLogin.java:29)
</failure>
    <system-out><![CDATA[Browser name :chrome
13
 INFO [TestNG-tests-1] (TC_001_DDTLogin.java:18)- username provided
 INFO [TestNG-tests-1] (TC_001_DDTLogin.java:20)- password provided
 INFO [TestNG-tests-1] (TC_001_DDTLogin.java:22)- click on signin button
Screenshoot taken
]]></system-out>
    <system-err><![CDATA[Starting ChromeDriver 99.0.4844.51 (d537ec02474b5afe23684e7963d538896c63ac77-refs/branch-heads/4844@{#875}) on port 52503
Only local connections are allowed.
Please see https://chromedriver.chromium.org/security-considerations for suggestions on keeping ChromeDriver safe.
ChromeDriver was started successfully.
[1650995262.871][WARNING]: This version of ChromeDriver has not been tested with Chrome version 100.
Apr 26, 2022 11:17:42 PM org.openqa.selenium.remote.ProtocolHandshake createSession
INFO: Detected dialect: W3C
Apr 26, 2022 11:17:42 PM org.openqa.selenium.devtools.CdpVersionFinder findNearestMatch
WARNING: Unable to find an exact match for CDP version 100, so returning the closest version found: 99
Apr 26, 2022 11:17:42 PM org.openqa.selenium.devtools.CdpVersionFinder findNearestMatch
INFO: Found CDP implementation for version 100 of 99
]]></system-err>
  </testcase>
  <testcase name="loginData" classname="com.bank.testcases.TC_001_DDTLogin" time="5.622">
    <failure message="The following asserts failed:&#10;	expected [HubSpot Home] but found [HubSpot Login]" type="java.lang.AssertionError">java.lang.AssertionError: The following asserts failed:
	expected [HubSpot Home] but found [HubSpot Login]
	at org.testng.asserts.SoftAssert.assertAll(SoftAssert.java:46)
	at org.testng.asserts.SoftAssert.assertAll(SoftAssert.java:30)
	at com.bank.testcases.TC_001_DDTLogin.loginData(TC_001_DDTLogin.java:29)
</failure>
    <system-out><![CDATA[Browser name :chrome
13
 INFO [TestNG-tests-1] (TC_001_DDTLogin.java:18)- username provided
 INFO [TestNG-tests-1] (TC_001_DDTLogin.java:20)- password provided
 INFO [TestNG-tests-1] (TC_001_DDTLogin.java:22)- click on signin button
Screenshoot taken
]]></system-out>
    <system-err><![CDATA[Starting ChromeDriver 99.0.4844.51 (d537ec02474b5afe23684e7963d538896c63ac77-refs/branch-heads/4844@{#875}) on port 56368
Only local connections are allowed.
Please see https://chromedriver.chromium.org/security-considerations for suggestions on keeping ChromeDriver safe.
ChromeDriver was started successfully.
[1650995271.459][WARNING]: This version of ChromeDriver has not been tested with Chrome version 100.
Apr 26, 2022 11:17:51 PM org.openqa.selenium.remote.ProtocolHandshake createSession
INFO: Detected dialect: W3C
Apr 26, 2022 11:17:51 PM org.openqa.selenium.devtools.CdpVersionFinder findNearestMatch
WARNING: Unable to find an exact match for CDP version 100, so returning the closest version found: 99
Apr 26, 2022 11:17:51 PM org.openqa.selenium.devtools.CdpVersionFinder findNearestMatch
INFO: Found CDP implementation for version 100 of 99
]]></system-err>
  </testcase>
</testsuite>